Fields           :Value

===========================================
DateTime         : 2016-05-28 17:48:53
HttpReferrer     : http://localhost:5329/UI/UploadFile.html

HttpPathAndQuery : /HttpApi/EditUpFile/FileUpLoader.ashx
Message          : 超过了最大请求长度。
StackTrace       : 在 System.Web.HttpRequest.GetEntireRawContent()
                   在 System.Web.HttpRequest.GetMultipartContent()
                   在 System.Web.HttpRequest.FillInFormCollection()
                   在 System.Web.HttpRequest.FillInFormCollection()
                   在 System.Web.HttpRequest.EnsureForm()
                   在 System.Web.HttpRequest.get_Form()
                   在 System.Web.HttpRequest.get_Item(String key)
                   在 imageUp.ProcessRequest(HttpContext context) 位置 d:\ItemCode\ItemOnlineKF\OnlineKF\OnlineKF.Resource\HttpApi\EditUpFile\FileUpLoader.ashx:行号 22

===========================================
DateTime         : 2016-05-28 17:50:38
HttpReferrer     : http://localhost:5329/UI/UploadFile.html

HttpPathAndQuery : /HttpApi/EditUpFile/FileUpLoader.ashx
Message          : 超过了最大请求长度。
StackTrace       : 在 System.Web.HttpRequest.GetEntireRawContent()
                   在 System.Web.HttpRequest.GetMultipartContent()
                   在 System.Web.HttpRequest.FillInFormCollection()
                   在 System.Web.HttpRequest.FillInFormCollection()
                   在 System.Web.HttpRequest.EnsureForm()
                   在 System.Web.HttpRequest.get_Form()
                   在 System.Web.HttpRequest.get_Item(String key)
                   在 imageUp.ProcessRequest(HttpContext context) 位置 d:\ItemCode\ItemOnlineKF\OnlineKF\OnlineKF.Resource\HttpApi\EditUpFile\FileUpLoader.ashx:行号 22

